#
# There is insufficient memory for the Java Runtime Environment to continue.
# Native memory allocation (mmap) failed to map 268435456 bytes for G1 virtual space
# Possible reasons:
#   The system is out of physical RAM or swap space
#   The process is running with CompressedOops enabled, and the Java Heap may be blocking the growth of the native heap
# Possible solutions:
#   Reduce memory load on the system
#   Increase physical memory or swap space
#   Check if swap backing store is full
#   Decrease Java heap size (-Xmx/-Xms)
#   Decrease number of Java threads
#   Decrease Java thread stack sizes (-Xss)
#   Set larger code cache with -XX:ReservedCodeCacheSize=
#   JVM is running with Zero Based Compressed Oops mode in which the Java heap is
#     placed in the first 32GB address space. The Java Heap base address is the
#     maximum limit for the native heap growth. Please use -XX:HeapBaseMinAddress
#     to set the Java Heap base and to place the Java Heap above 32GB virtual address.
# This output file may be truncated or incomplete.
#
#  Out of Memory Error (os_windows.cpp:3557), pid=4636, tid=29388
#
# JRE version:  (17.0.6+10) (build )
# Java VM: OpenJDK 64-Bit Server VM (17.0.6+10, mixed mode, sharing, tiered, compressed oops, compressed class ptrs, g1 gc, windows-amd64)
# No core dump will be written. Minidumps are not enabled by default on client versions of Windows
#

---------------  S U M M A R Y ------------

Command Line: -Dmaven.home=EMBEDDED -Dclassworlds.conf=D:\workspace\.metadata\.plugins\org.eclipse.m2e.launching\launches\m2conf5728406935484595677.tmp -Dmaven.multiModuleProjectDirectory=C:\Users\s.hamrouni\git\matchit\matchit-manager -Dm2e.build.project.data.socket.port=65504 -Dfile.encoding=UTF-8 -XX:+ShowCodeDetailsInExceptionMessages org.codehaus.plexus.classworlds.launcher.Launcher -B -Dmaven.test.skip=true -DskipTests -Dstyle.color=always clean install spring-boot:run

Host: Intel(R) Core(TM) i5-6300U CPU @ 2.40GHz, 4 cores, 15G,  Windows 10 , 64 bit Build 19041 (10.0.19041.2546)
Time: Thu Apr 20 00:33:01 2023 Afr. centrale Ouest elapsed time: 0.164202 seconds (0d 0h 0m 0s)

---------------  T H R E A D  ---------------

Current thread (0x000001b49b948110):  JavaThread "Unknown thread" [_thread_in_vm, id=29388, stack(0x0000009bc3b00000,0x0000009bc3c00000)]

Stack: [0x0000009bc3b00000,0x0000009bc3c00000]
Native frames: (J=compiled Java code, j=interpreted, Vv=VM code, C=native code)
V  [jvm.dll+0x67741a]
V  [jvm.dll+0x834434]
V  [jvm.dll+0x835bde]
V  [jvm.dll+0x836243]
V  [jvm.dll+0x2457b5]
V  [jvm.dll+0x674329]
V  [jvm.dll+0x6689da]
V  [jvm.dll+0x30489b]
V  [jvm.dll+0x30bd96]
V  [jvm.dll+0x35b57e]
V  [jvm.dll+0x35b7af]
V  [jvm.dll+0x2db778]
V  [jvm.dll+0x2dc6e4]
V  [jvm.dll+0x806131]
V  [jvm.dll+0x369331]
V  [jvm.dll+0x7e56ac]
V  [jvm.dll+0x3eb35f]
V  [jvm.dll+0x3ecea1]
C  [jli.dll+0x5267]
C  [ucrtbase.dll+0x21bb2]
C  [KERNEL32.DLL+0x17614]
C  [ntdll.dll+0x526a1]


---------------  P R O C E S S  ---------------

Threads class SMR info:
_java_thread_list=0x00007ffb4d425fd8, length=0, elements={
}

Java Threads: ( => current thread )

Other Threads:
  0x000001b4adfa5310 GCTaskThread "GC Thread#0" [stack: 0x0000009bc3c00000,0x0000009bc3d00000] [id=2072]
  0x000001b4adfb70a0 ConcurrentGCThread "G1 Main Marker" [stack: 0x0000009bc3d00000,0x0000009bc3e00000] [id=27592]
  0x000001b4adfb7ab0 ConcurrentGCThread "G1 Conc#0" [stack: 0x0000009bc3e00000,0x0000009bc3f00000] [id=28288]

[error occurred during error reporting (printing all threads), id 0xc0000005, EXCEPTION_ACCESS_VIOLATION (0xc0000005) at pc=0x00007ffb4cbfc1e7]

VM state: not at safepoint (not fully initialized)

VM Mutex/Monitor currently owned by a thread:  ([mutex/lock_event])
[0x000001b498cebd70] Heap_lock - owner thread: 0x000001b49b948110

Heap address: 0x0000000701c00000, size: 4068 MB, Compressed Oops mode: Zero based, Oop shift amount: 3

CDS archive(s) mapped at: [0x0000000000000000-0x0000000000000000-0x0000000000000000), size 0, SharedBaseAddress: 0x0000000800000000, ArchiveRelocationMode: 0.
Narrow klass base: 0x0000000000000000, Narrow klass shift: 0, Narrow klass range: 0x0

GC Precious Log:
<Empty>

Heap:
 garbage-first heap   total 0K, used 0K [0x0000000701c00000, 0x0000000800000000)
  region size 2048K, 0 young (0K), 0 survivors (0K)

[error occurred during error reporting (printing heap information), id 0xc0000005, EXCEPTION_ACCESS_VIOLATION (0xc0000005) at pc=0x00007ffb4cfe06f9]

GC Heap History (0 events):
No events

Dll operation events (1 events):
Event: 0.140 Loaded shared library C:\Users\s.hamrouni\Downloads\sts-4.17.2.RELEASE\plugins\org.eclipse.justj.openjdk.hotspot.jre.full.win32.x86_64_17.0.6.v20230125-1136\jre\bin\java.dll

Deoptimization events (0 events):
No events

Classes unloaded (0 events):
No events

Classes redefined (0 events):
No events

Internal exceptions (0 events):
No events

VM Operations (0 events):
No events

Events (0 events):
No events


Dynamic libraries:
0x00007ff6b7230000 - 0x00007ff6b723e000 	C:\Users\s.hamrouni\Downloads\sts-4.17.2.RELEASE\plugins\org.eclipse.justj.openjdk.hotspot.jre.full.win32.x86_64_17.0.6.v20230125-1136\jre\bin\javaw.exe
0x00007ffbc3ab0000 - 0x00007ffbc3ca8000 	C:\Windows\SYSTEM32\ntdll.dll
0x00007ffbc2e70000 - 0x00007ffbc2f2f000 	C:\Windows\System32\KERNEL32.DLL
0x00007ffbc1780000 - 0x00007ffbc1a52000 	C:\Windows\System32\KERNELBASE.dll
0x00007ffbc13a0000 - 0x00007ffbc14a0000 	C:\Windows\System32\ucrtbase.dll
0x00007ffb935e0000 - 0x00007ffb935f7000 	C:\Users\s.hamrouni\Downloads\sts-4.17.2.RELEASE\plugins\org.eclipse.justj.openjdk.hotspot.jre.full.win32.x86_64_17.0.6.v20230125-1136\jre\bin\jli.dll
0x00007ffbc2430000 - 0x00007ffbc25d1000 	C:\Windows\System32\USER32.dll
0x00007ffbc1a60000 - 0x00007ffbc1a82000 	C:\Windows\System32\win32u.dll
0x00007ffbc32a0000 - 0x00007ffbc32cb000 	C:\Windows\System32\GDI32.dll
0x00007ffbc11b0000 - 0x00007ffbc12bf000 	C:\Windows\System32\gdi32full.dll
0x00007ffbc14a0000 - 0x00007ffbc153d000 	C:\Windows\System32\msvcp_win.dll
0x00007ffbb3c60000 - 0x00007ffbb3efa000 	C:\Windows\WinSxS\amd64_microsoft.windows.common-controls_6595b64144ccf1df_6.0.19041.1110_none_60b5254171f9507e\COMCTL32.dll
0x00007ffbc1bb0000 - 0x00007ffbc1c4e000 	C:\Windows\System32\msvcrt.dll
0x00007ffb935c0000 - 0x00007ffb935d9000 	C:\Users\s.hamrouni\Downloads\sts-4.17.2.RELEASE\plugins\org.eclipse.justj.openjdk.hotspot.jre.full.win32.x86_64_17.0.6.v20230125-1136\jre\bin\VCRUNTIME140.dll
0x00007ffbc31c0000 - 0x00007ffbc31f0000 	C:\Windows\System32\IMM32.DLL
0x00007ffbb6a80000 - 0x00007ffbb6beb000 	C:\Windows\system32\tmumh\20019\AddOn\8.55.0.1129\TmUmEvt64.dll
0x00007ffbc1d30000 - 0x00007ffbc1d38000 	C:\Windows\System32\PSAPI.DLL
0x00007ffbc1b00000 - 0x00007ffbc1bae000 	C:\Windows\System32\ADVAPI32.dll
0x00007ffbc32d0000 - 0x00007ffbc336c000 	C:\Windows\System32\sechost.dll
0x00007ffbc2fa0000 - 0x00007ffbc30c4000 	C:\Windows\System32\RPCRT4.dll
0x00000000689a0000 - 0x0000000068b13000 	C:\Windows\system32\tmumh\20019\TmMon\2.9.0.1048\tmmon64.dll
0x00007ffbc0e70000 - 0x00007ffbc0ff8000 	C:\Program Files\Avecto\Privilege Guard Client\PGHook.dll
0x00007ffbc0da0000 - 0x00007ffbc0db8000 	C:\Windows\SYSTEM32\CRYPTSP.dll
0x00007ffbc0d60000 - 0x00007ffbc0d94000 	C:\Windows\system32\rsaenh.dll
0x00007ffbc1370000 - 0x00007ffbc1397000 	C:\Windows\System32\bcrypt.dll
0x00007ffbc0d50000 - 0x00007ffbc0d5c000 	C:\Windows\SYSTEM32\CRYPTBASE.dll
0x00007ffbc16f0000 - 0x00007ffbc1772000 	C:\Windows\System32\bcryptPrimitives.dll
0x00007ffbc25e0000 - 0x00007ffbc2d25000 	C:\Windows\System32\shell32.dll
0x00007ffbb86e0000 - 0x00007ffbb86ec000 	C:\Users\s.hamrouni\Downloads\sts-4.17.2.RELEASE\plugins\org.eclipse.justj.openjdk.hotspot.jre.full.win32.x86_64_17.0.6.v20230125-1136\jre\bin\vcruntime140_1.dll
0x00007ffb93520000 - 0x00007ffb935b1000 	C:\Users\s.hamrouni\Downloads\sts-4.17.2.RELEASE\plugins\org.eclipse.justj.openjdk.hotspot.jre.full.win32.x86_64_17.0.6.v20230125-1136\jre\bin\msvcp140.dll
0x00007ffb4c910000 - 0x00007ffb4d557000 	C:\Users\s.hamrouni\Downloads\sts-4.17.2.RELEASE\plugins\org.eclipse.justj.openjdk.hotspot.jre.full.win32.x86_64_17.0.6.v20230125-1136\jre\bin\server\jvm.dll
0x00007ffba7ea0000 - 0x00007ffba7ea9000 	C:\Windows\SYSTEM32\WSOCK32.dll
0x00007ffbc2f30000 - 0x00007ffbc2f9b000 	C:\Windows\System32\WS2_32.dll
0x00007ffbb39d0000 - 0x00007ffbb39f7000 	C:\Windows\SYSTEM32\WINMM.dll
0x00007ffbb6eb0000 - 0x00007ffbb6eba000 	C:\Windows\SYSTEM32\VERSION.dll
0x00007ffbbf830000 - 0x00007ffbbf842000 	C:\Windows\SYSTEM32\kernel.appcore.dll
0x00007ffbb9650000 - 0x00007ffbb965a000 	C:\Users\s.hamrouni\Downloads\sts-4.17.2.RELEASE\plugins\org.eclipse.justj.openjdk.hotspot.jre.full.win32.x86_64_17.0.6.v20230125-1136\jre\bin\jimage.dll
0x00007ffbbf530000 - 0x00007ffbbf714000 	C:\Windows\SYSTEM32\DBGHELP.DLL
0x00007ffbb6d00000 - 0x00007ffbb6d35000 	C:\Windows\SYSTEM32\dbgcore.DLL
0x00007ffb98100000 - 0x00007ffb98125000 	C:\Users\s.hamrouni\Downloads\sts-4.17.2.RELEASE\plugins\org.eclipse.justj.openjdk.hotspot.jre.full.win32.x86_64_17.0.6.v20230125-1136\jre\bin\java.dll

dbghelp: loaded successfully - version: 4.0.5 - missing functions: none
symbol engine: initialized successfully - sym options: 0x614 - pdb path: .;C:\Users\s.hamrouni\Downloads\sts-4.17.2.RELEASE\plugins\org.eclipse.justj.openjdk.hotspot.jre.full.win32.x86_64_17.0.6.v20230125-1136\jre\bin;C:\Windows\SYSTEM32;C:\Windows\WinSxS\amd64_microsoft.windows.common-controls_6595b64144ccf1df_6.0.19041.1110_none_60b5254171f9507e;C:\Windows\system32\tmumh\20019\AddOn\8.55.0.1129;C:\Windows\system32\tmumh\20019\TmMon\2.9.0.1048;C:\Program Files\Avecto\Privilege Guard Client;C:\Users\s.hamrouni\Downloads\sts-4.17.2.RELEASE\plugins\org.eclipse.justj.openjdk.hotspot.jre.full.win32.x86_64_17.0.6.v20230125-1136\jre\bin\server

VM Arguments:
jvm_args: -Dmaven.home=EMBEDDED -Dclassworlds.conf=D:\workspace\.metadata\.plugins\org.eclipse.m2e.launching\launches\m2conf5728406935484595677.tmp -Dmaven.multiModuleProjectDirectory=C:\Users\s.hamrouni\git\matchit\matchit-manager -Dm2e.build.project.data.socket.port=65504 -Dfile.encoding=UTF-8 -XX:+ShowCodeDetailsInExceptionMessages 
java_command: org.codehaus.plexus.classworlds.launcher.Launcher -B -Dmaven.test.skip=true -DskipTests -Dstyle.color=always clean install spring-boot:run
java_class_path (initial): C:\Users\s.hamrouni\Downloads\sts-4.17.2.RELEASE\plugins\org.eclipse.m2e.maven.runtime_3.8.604.20221130-2149\jars\plexus-classworlds-2.6.0.jar
Launcher Type: SUN_STANDARD

[Global flags]
     intx CICompilerCount                          = 3                                         {product} {ergonomic}
     uint ConcGCThreads                            = 1                                         {product} {ergonomic}
     uint G1ConcRefinementThreads                  = 4                                         {product} {ergonomic}
   size_t G1HeapRegionSize                         = 2097152                                   {product} {ergonomic}
    uintx GCDrainStackTargetSize                   = 64                                        {product} {ergonomic}
   size_t InitialHeapSize                          = 268435456                                 {product} {ergonomic}
   size_t MarkStackSize                            = 4194304                                   {product} {ergonomic}
   size_t MaxHeapSize                              = 4265607168                                {product} {ergonomic}
   size_t MinHeapDeltaBytes                        = 2097152                                   {product} {ergonomic}
   size_t MinHeapSize                              = 8388608                                   {product} {ergonomic}
    uintx NonNMethodCodeHeapSize                   = 5832780                                {pd product} {ergonomic}
    uintx NonProfiledCodeHeapSize                  = 122912730                              {pd product} {ergonomic}
    uintx ProfiledCodeHeapSize                     = 122912730                              {pd product} {ergonomic}
    uintx ReservedCodeCacheSize                    = 251658240                              {pd product} {ergonomic}
     bool SegmentedCodeCache                       = true                                      {product} {ergonomic}
     bool ShowCodeDetailsInExceptionMessages       = true                                   {manageable} {command line}
   size_t SoftMaxHeapSize                          = 4265607168                             {manageable} {ergonomic}
     bool UseCompressedClassPointers               = true                           {product lp64_product} {ergonomic}
     bool UseCompressedOops                        = true                           {product lp64_product} {ergonomic}
     bool UseG1GC                                  = true                                      {product} {ergonomic}
     bool UseLargePagesIndividualAllocation        = false                                  {pd product} {ergonomic}

Logging:
Log output configuration:
 #0: stdout all=warning uptime,level,tags
 #1: stderr all=off uptime,level,tags

Environment Variables:
JAVA_HOME=C:\Program Files\Java\jdk-17.0.4.1
PATH=C:/Users/s.hamrouni/Downloads/sts-4.17.2.RELEASE//plugins/org.eclipse.justj.openjdk.hotspot.jre.full.win32.x86_64_17.0.6.v20230125-1136/jre/bin/server;C:/Users/s.hamrouni/Downloads/sts-4.17.2.RELEASE//plugins/org.eclipse.justj.openjdk.hotspot.jre.full.win32.x86_64_17.0.6.v20230125-1136/jre/bin;D:\apache-maven-3.8.5-bin\apache-maven-3.8.5\bin;C:\Program Files\Java\jdk-17.0.4.1\bin;C:\Program Files\Common Files\Oracle\Java\javapath;C:\Program Files (x86)\Common Files\Oracle\Java\javapath;C:\Windows\system32;C:\Windows;C:\Windows\System32\Wbem;C:\Windows\System32\WindowsPowerShell\v1.0\;C:\Windows\System32\OpenSSH\;C:\Program Files (x86)\Pulse Secure\VC142.CRT\X64\;C:\Program Files (x86)\Pulse Secure\VC142.CRT\X86\;C:\Program Files\SafeNet\Authentication\SAC\x64;C:\Program Files\SafeNet\Authentication\SAC\x32;C:\Program Files (x86)\Sennheiser\SenncomSDK\;C:\Program Files\nodejs\;C:\Program Files\Git\cmd;C:\Users\s.hamrouni\Anaconda3;C:\Users\s.hamrouni\Anaconda3\Library\mingw-w64\bin;C:\Users\s.hamrouni\Anaconda3\Library\usr\bin;C:\Users\s.hamrouni\Anaconda3\Library\bin;C:\Users\s.hamrouni\Anaconda3\Scripts;C:\Users\s.hamrouni\AppData\Local\Microsoft\WindowsApps;C:\Users\s.hamrouni\AppData\Local\Programs\Git\cmd;C:\Users\s.hamrouni\AppData\Roaming\npm;C:\Program Files\Microsoft VS Code\bin;C:\Program Files\PostgreSQL\15\bin;;C:\Users\s.hamrouni\Downloads\sts-4.17.2.RELEASE;
USERNAME=s.hamrouni
OS=Windows_NT
PROCESSOR_IDENTIFIER=Intel64 Family 6 Model 78 Stepping 3, GenuineIntel
TMP=C:\Users\S0DB4~1.HAM\AppData\Local\Temp
TEMP=C:\Users\S0DB4~1.HAM\AppData\Local\Temp



---------------  S Y S T E M  ---------------

OS:
 Windows 10 , 64 bit Build 19041 (10.0.19041.2546)
OS uptime: 20 days 14:44 hours
Hyper-V role detected

CPU: total 4 (initial active 4) (2 cores per cpu, 2 threads per core) family 6 model 78 stepping 3 microcode 0xcc, cx8, cmov, fxsr, ht, mmx, 3dnowpref, sse, sse2, sse3, ssse3, sse4.1, sse4.2, popcnt, lzcnt, tsc, tscinvbit, avx, avx2, aes, erms, clmul, bmi1, bmi2, rtm, adx, fma, vzeroupper, clflush, clflushopt, hv

Memory: 4k page, system-wide physical 16268M (2716M free)
TotalPageFile size 29964M (AvailPageFile size 15M)
current process WorkingSet (physical memory assigned to process): 14M, peak: 14M
current process commit charge ("private bytes"): 54M, peak: 310M

vm_info: OpenJDK 64-Bit Server VM (17.0.6+10) for windows-amd64 JRE (17.0.6+10), built on Jan 18 2023 10:08:59 by "temurin" with MS VC++ 16.7 (VS2019)

END.
